-- Board: M1, CPU: 378 MHz, PSRAM: 133 MHz, Voltage: VREG_VOLTAGE_1_60
Using PICO_SDK_PATH from environment ('/Users/A2506402/Documents/pico/pico-sdk')
PICO_SDK_PATH is /Users/A2506402/pico/pico-sdk
Target board (PICO_BOARD) is 'pico2'.
Using board configuration from /Users/A2506402/pico/pico-sdk/src/boards/include/boards/pico2.h
Pico Platform (PICO_PLATFORM) is 'rp2350-arm-s'.
-- Defaulting build type to 'Release' since not specified.
Defaulting compiler (PICO_COMPILER) to 'pico_arm_cortex_m33_gcc' since not specified.
Configuring toolchain based on PICO_COMPILER 'pico_arm_cortex_m33_gcc'
Defaulting PICO_GCC_TRIPLE to 'arm-none-eabi'
-- The C compiler identification is GNU 14.3.1
-- The CXX compiler identification is GNU 14.3.1
-- Detecting C compiler ABI info
-- Detecting C compiler ABI info - done
-- Check for working C compiler: /opt/homebrew/bin/arm-none-eabi-gcc - skipped
-- Detecting C compile features
-- Detecting C compile features - done
-- Detecting CXX compiler ABI info
-- Detecting CXX compiler ABI info - done
-- Check for working CXX compiler: /opt/homebrew/bin/arm-none-eabi-g++ - skipped
-- Detecting CXX compile features
-- Detecting CXX compile features - done
-- The ASM compiler identification is GNU
-- Found assembler: /opt/homebrew/bin/arm-none-eabi-gcc
Build type is Release
Using picotool from /opt/homebrew/bin/picotool
-- Found Python3: /opt/homebrew/Frameworks/Python.framework/Versions/3.13/bin/python3.13 (found version "3.13.5") found components: Interpreter
TinyUSB available at /Users/A2506402/pico/pico-sdk/lib/tinyusb/hw/bsp/rp2040; enabling build support for USB.
BTstack available at /Users/A2506402/pico/pico-sdk/lib/btstack
cyw43-driver available at /Users/A2506402/pico/pico-sdk/lib/cyw43-driver
mbedtls available at /Users/A2506402/pico/pico-sdk/lib/mbedtls
lwIP available at /Users/A2506402/pico/pico-sdk/lib/lwip
-- Configuring done (1.0s)
-- Generating done (0.3s)
-- Build files have been written to: /Users/A2506402/Documents/GitHub/murmsnes/build
[  0%] Creating directories for 'pioasmBuild'
[  0%] Building ASM object pico-sdk/src/rp2350/boot_stage2/CMakeFiles/bs2_default.dir/compile_time_choice.S.o
[  0%] No download step for 'pioasmBuild'
[  0%] Linking ASM executable bs2_default.elf
[  0%] No update step for 'pioasmBuild'
[  0%] Built target bs2_default
[  1%] No patch step for 'pioasmBuild'
[  2%] Generating bs2_default.bin
[  2%] Generating bs2_default_padded_checksummed.S
[  3%] Performing configure step for 'pioasmBuild'
Not searching for unused variables given on the command line.
loading initial cache file /Users/A2506402/Documents/GitHub/murmsnes/build/pico-sdk/src/rp2_common/tinyusb/pioasm/tmp/pioasmBuild-cache-Release.cmake
[  3%] Building ASM object pico-sdk/src/rp2350/boot_stage2/CMakeFiles/bs2_default_library.dir/bs2_default_padded_checksummed.S.o
[  3%] Built target bs2_default_library
-- The CXX compiler identification is AppleClang 17.0.0.17000603
-- Detecting CXX compiler ABI info
-- Detecting CXX compiler ABI info - done
-- Check for working CXX compiler: /usr/bin/c++ - skipped
-- Detecting CXX compile features
-- Detecting CXX compile features - done
-- Configuring done (0.6s)
-- Generating done (0.0s)
-- Build files have been written to: /Users/A2506402/Documents/GitHub/murmsnes/build/pioasm
[  3%] Performing build step for 'pioasmBuild'
[100%] Built target pioasm
[  4%] Performing install step for 'pioasmBuild'
[100%] Built target pioasm
Install the project...
-- Install configuration: "Release"
[  5%] Completed 'pioasmBuild'
[  5%] Built target pioasmBuild
[  5%] Generating audio_i2s.pio.h
[  6%] Generating spi.pio.h
[  6%] Built target sdcard_spi_pio_h
[  6%] Built target pico_audio_i2s_audio_i2s_pio_h
[  6%] Building C object CMakeFiles/drivers.dir/drivers/HDMI.c.o
[  7%] Building ASM object CMakeFiles/drivers.dir/drivers/hdmi_scanline.S.o
[  8%] Building C object CMakeFiles/drivers.dir/drivers/psram_allocator.c.o
[  8%] Building C object CMakeFiles/drivers.dir/drivers/psram_init.c.o
[  8%] Building C object CMakeFiles/drivers.dir/drivers/audio.c.o
[  9%] Building C object CMakeFiles/drivers.dir/Users/A2506402/pico/pico-sdk/src/rp2_common/pico_stdlib/stdlib.c.o
[  9%] Building C object CMakeFiles/drivers.dir/Users/A2506402/pico/pico-sdk/src/rp2_common/hardware_gpio/gpio.c.o
[ 10%] Building C object CMakeFiles/drivers.dir/Users/A2506402/pico/pico-sdk/src/rp2350/pico_platform/platform.c.o
[ 10%] Building C object CMakeFiles/drivers.dir/Users/A2506402/pico/pico-sdk/src/rp2_common/pico_platform_common/common.c.o
[ 11%] Building C object CMakeFiles/drivers.dir/Users/A2506402/pico/pico-sdk/src/rp2_common/pico_platform_panic/panic.c.o
[ 11%] Building C object CMakeFiles/drivers.dir/Users/A2506402/pico/pico-sdk/src/common/hardware_claim/claim.c.o
[ 11%] Building C object CMakeFiles/drivers.dir/Users/A2506402/pico/pico-sdk/src/rp2_common/hardware_sync/sync.c.o
[ 12%] Building C object CMakeFiles/drivers.dir/Users/A2506402/pico/pico-sdk/src/rp2_common/hardware_sync_spin_lock/sync_spin_lock.c.o
[ 12%] Building C object CMakeFiles/drivers.dir/Users/A2506402/pico/pico-sdk/src/rp2_common/hardware_irq/irq.c.o
[ 13%] Building ASM object CMakeFiles/drivers.dir/Users/A2506402/pico/pico-sdk/src/rp2_common/hardware_irq/irq_handler_chain.S.o
[ 13%] Building C object CMakeFiles/drivers.dir/Users/A2506402/pico/pico-sdk/src/common/pico_sync/sem.c.o
[ 14%] Building C object CMakeFiles/drivers.dir/Users/A2506402/pico/pico-sdk/src/common/pico_sync/lock_core.c.o
[ 14%] Building C object CMakeFiles/drivers.dir/Users/A2506402/pico/pico-sdk/src/common/pico_sync/mutex.c.o
[ 15%] Building C object CMakeFiles/drivers.dir/Users/A2506402/pico/pico-sdk/src/common/pico_sync/critical_section.c.o
[ 15%] Building C object CMakeFiles/drivers.dir/Users/A2506402/pico/pico-sdk/src/common/pico_time/time.c.o
[ 17%] Building C object CMakeFiles/drivers.dir/Users/A2506402/pico/pico-sdk/src/common/pico_time/timeout_helper.c.o
[ 17%] Building C object CMakeFiles/drivers.dir/Users/A2506402/pico/pico-sdk/src/rp2_common/hardware_timer/timer.c.o
[ 18%] Building C object CMakeFiles/drivers.dir/Users/A2506402/pico/pico-sdk/src/common/pico_util/datetime.c.o
[ 18%] Building C object CMakeFiles/drivers.dir/Users/A2506402/pico/pico-sdk/src/common/pico_util/pheap.c.o
[ 19%] Building C object CMakeFiles/drivers.dir/Users/A2506402/pico/pico-sdk/src/common/pico_util/queue.c.o
[ 19%] Building C object CMakeFiles/drivers.dir/Users/A2506402/pico/pico-sdk/src/rp2_common/hardware_uart/uart.c.o
[ 20%] Building C object CMakeFiles/drivers.dir/Users/A2506402/pico/pico-sdk/src/rp2_common/hardware_clocks/clocks.c.o
[ 20%] Building C object CMakeFiles/drivers.dir/Users/A2506402/pico/pico-sdk/src/rp2_common/hardware_pll/pll.c.o
[ 20%] Building C object CMakeFiles/drivers.dir/Users/A2506402/pico/pico-sdk/src/rp2_common/hardware_vreg/vreg.c.o
[ 21%] Building C object CMakeFiles/drivers.dir/Users/A2506402/pico/pico-sdk/src/rp2_common/hardware_watchdog/watchdog.c.o
[ 21%] Building C object CMakeFiles/drivers.dir/Users/A2506402/pico/pico-sdk/src/rp2_common/hardware_ticks/ticks.c.o
[ 22%] Building C object CMakeFiles/drivers.dir/Users/A2506402/pico/pico-sdk/src/rp2_common/pico_bootrom/bootrom.c.o
[ 22%] Building C object CMakeFiles/drivers.dir/Users/A2506402/pico/pico-sdk/src/rp2_common/pico_bootrom/bootrom_lock.c.o
[ 23%] Building C object CMakeFiles/drivers.dir/Users/A2506402/pico/pico-sdk/src/rp2_common/hardware_boot_lock/boot_lock.c.o
[ 23%] Building C object CMakeFiles/drivers.dir/Users/A2506402/pico/pico-sdk/src/rp2_common/pico_flash/flash.c.o
[ 24%] Building C object CMakeFiles/drivers.dir/Users/A2506402/pico/pico-sdk/src/rp2_common/hardware_xosc/xosc.c.o
[ 24%] Building C object CMakeFiles/drivers.dir/Users/A2506402/pico/pico-sdk/src/rp2_common/hardware_divider/divider.c.o
[ 25%] Building C object CMakeFiles/drivers.dir/Users/A2506402/pico/pico-sdk/src/rp2_common/pico_runtime/runtime.c.o
[ 25%] Building C object CMakeFiles/drivers.dir/Users/A2506402/pico/pico-sdk/src/rp2_common/pico_runtime_init/runtime_init.c.o
[ 26%] Building C object CMakeFiles/drivers.dir/Users/A2506402/pico/pico-sdk/src/rp2_common/pico_runtime_init/runtime_init_clocks.c.o
[ 26%] Building C object CMakeFiles/drivers.dir/Users/A2506402/pico/pico-sdk/src/rp2_common/pico_runtime_init/runtime_init_stack_guard.c.o
[ 27%] Building ASM object CMakeFiles/drivers.dir/Users/A2506402/pico/pico-sdk/src/rp2_common/pico_bit_ops/bit_ops_aeabi.S.o
[ 27%] Building C object CMakeFiles/drivers.dir/Users/A2506402/pico/pico-sdk/src/rp2_common/pico_divider/divider_compiler.c.o
[ 28%] Building C object CMakeFiles/drivers.dir/Users/A2506402/pico/pico-sdk/src/rp2_common/pico_double/double_math.c.o
[ 28%] Building ASM object CMakeFiles/drivers.dir/Users/A2506402/pico/pico-sdk/src/rp2_common/pico_double/double_aeabi_dcp.S.o
[ 29%] Building ASM object CMakeFiles/drivers.dir/Users/A2506402/pico/pico-sdk/src/rp2_common/pico_double/double_fma_dcp.S.o
[ 29%] Building ASM object CMakeFiles/drivers.dir/Users/A2506402/pico/pico-sdk/src/rp2_common/pico_double/double_sci_m33.S.o
[ 29%] Building ASM object CMakeFiles/drivers.dir/Users/A2506402/pico/pico-sdk/src/rp2_common/pico_double/double_conv_m33.S.o
[ 30%] Building C object CMakeFiles/drivers.dir/Users/A2506402/pico/pico-sdk/src/rp2_common/pico_float/float_math.c.o
[ 30%] Building ASM object CMakeFiles/drivers.dir/Users/A2506402/pico/pico-sdk/src/rp2_common/pico_float/float_conv32_vfp.S.o
[ 31%] Building ASM object CMakeFiles/drivers.dir/Users/A2506402/pico/pico-sdk/src/rp2_common/pico_float/float_common_m33.S.o
[ 31%] Building ASM object CMakeFiles/drivers.dir/Users/A2506402/pico/pico-sdk/src/rp2_common/pico_float/float_sci_m33_vfp.S.o
[ 32%] Building C object CMakeFiles/drivers.dir/Users/A2506402/pico/pico-sdk/src/rp2_common/pico_malloc/malloc.c.o
[ 32%] Building C object CMakeFiles/drivers.dir/Users/A2506402/pico/pico-sdk/src/rp2_common/pico_atomic/atomic.c.o
[ 34%] Building CXX object CMakeFiles/drivers.dir/Users/A2506402/pico/pico-sdk/src/rp2_common/pico_cxx_options/new_delete.cpp.o
[ 34%] Building C object CMakeFiles/drivers.dir/Users/A2506402/pico/pico-sdk/src/rp2_common/pico_standard_binary_info/standard_binary_info.c.o
[ 35%] Building C object CMakeFiles/drivers.dir/Users/A2506402/pico/pico-sdk/src/rp2_common/pico_printf/printf.c.o
[ 35%] Building ASM object CMakeFiles/drivers.dir/Users/A2506402/pico/pico-sdk/src/rp2_common/pico_crt0/crt0.S.o
[ 36%] Building C object CMakeFiles/drivers.dir/Users/A2506402/pico/pico-sdk/src/rp2_common/pico_clib_interface/newlib_interface.c.o
[ 36%] Building C object CMakeFiles/drivers.dir/Users/A2506402/pico/pico-sdk/src/rp2_common/pico_stdio/stdio.c.o
[ 37%] Building C object CMakeFiles/drivers.dir/Users/A2506402/pico/pico-sdk/src/rp2_common/pico_stdio_uart/stdio_uart.c.o
[ 37%] Building C object CMakeFiles/drivers.dir/Users/A2506402/pico/pico-sdk/src/rp2_common/hardware_dma/dma.c.o
[ 38%] Building C object CMakeFiles/drivers.dir/Users/A2506402/pico/pico-sdk/src/rp2_common/hardware_spi/spi.c.o
[ 38%] Building C object CMakeFiles/drivers.dir/Users/A2506402/pico/pico-sdk/src/rp2_common/hardware_pio/pio.c.o
[ 38%] Building C object CMakeFiles/drivers.dir/pico-extras/src/rp2_common/pico_audio_i2s/audio_i2s.c.o
[ 39%] Building CXX object CMakeFiles/drivers.dir/pico-extras/src/common/pico_audio/audio.cpp.o
[ 39%] Building ASM object CMakeFiles/drivers.dir/pico-extras/src/common/pico_audio/audio_utils.S.o
[ 40%] Building C object CMakeFiles/drivers.dir/pico-extras/src/common/pico_util_buffer/buffer.c.o
[ 40%] Linking CXX static library libdrivers.a
[ 40%] Built target drivers
[ 41%] Building C object CMakeFiles/murmsnes.dir/src/main.c.o
[ 41%] Building C object CMakeFiles/murmsnes.dir/src/murmsnes_profile.c.o
[ 42%] Building C object CMakeFiles/murmsnes.dir/src/snes9x/apu.c.o
[ 42%] Building C object CMakeFiles/murmsnes.dir/src/snes9x/c4.c.o
[ 43%] Building C object CMakeFiles/murmsnes.dir/src/snes9x/c4emu.c.o
In file included from /Users/A2506402/Documents/GitHub/murmsnes/src/snes9x/snes9x.h:9,
                 from /Users/A2506402/Documents/GitHub/murmsnes/src/main.c:23:
/Users/A2506402/Documents/GitHub/murmsnes/src/snes9x/port.h:73:9: warning: "MIN" redefined
   73 | #define MIN(A,B) ((A) < (B) ?  (A) : (B))
      |         ^~~
In file included from /Users/A2506402/pico/pico-sdk/src/rp2350/pico_platform/include/pico/platform.h:23,
                 from /Users/A2506402/pico/pico-sdk/src/common/pico_base_headers/include/pico.h:64,
                 from /Users/A2506402/pico/pico-sdk/src/common/pico_stdlib_headers/include/pico/stdlib.h:10,
                 from /Users/A2506402/Documents/GitHub/murmsnes/src/main.c:5:
/Users/A2506402/pico/pico-sdk/src/rp2_common/pico_platform_compiler/include/pico/platform/compiler.h:146:9: note: this is the location of the previous definition
  146 | #define MIN(a, b) ((b)>(a)?(a):(b))
      |         ^~~
/Users/A2506402/Documents/GitHub/murmsnes/src/snes9x/port.h:74:9: warning: "MAX" redefined
   74 | #define MAX(A,B) ((A) > (B) ?  (A) : (B))
      |         ^~~
/Users/A2506402/pico/pico-sdk/src/rp2_common/pico_platform_compiler/include/pico/platform/compiler.h:139:9: note: this is the location of the previous definition
  139 | #define MAX(a, b) ((a)>(b)?(a):(b))
      |         ^~~
[ 43%] Building C object CMakeFiles/murmsnes.dir/src/snes9x/clip.c.o
[ 44%] Building C object CMakeFiles/murmsnes.dir/src/snes9x/cpu.c.o
[ 44%] Building C object CMakeFiles/murmsnes.dir/src/snes9x/cpuexec.c.o
[ 45%] Building C object CMakeFiles/murmsnes.dir/src/snes9x/cpuops.c.o
[ 45%] Building C object CMakeFiles/murmsnes.dir/src/snes9x/dma.c.o
[ 46%] Building C object CMakeFiles/murmsnes.dir/src/snes9x/dsp.c.o
[ 46%] Building C object CMakeFiles/murmsnes.dir/src/snes9x/getset.c.o
[ 46%] Building C object CMakeFiles/murmsnes.dir/src/snes9x/gfx.c.o
[ 47%] Building C object CMakeFiles/murmsnes.dir/src/snes9x/globals.c.o
[ 47%] Building C object CMakeFiles/murmsnes.dir/src/snes9x/memmap.c.o
[ 48%] Building C object CMakeFiles/murmsnes.dir/src/snes9x/obc1.c.o
[ 48%] Building C object CMakeFiles/murmsnes.dir/src/snes9x/ppu.c.o
[ 50%] Building C object CMakeFiles/murmsnes.dir/src/snes9x/snapshot.c.o
[ 50%] Building C object CMakeFiles/murmsnes.dir/src/snes9x/soundux.c.o
[ 51%] Building C object CMakeFiles/murmsnes.dir/src/snes9x/spc700.c.o
[ 51%] Building C object CMakeFiles/murmsnes.dir/src/snes9x/srtc.c.o
[ 52%] Building C object CMakeFiles/murmsnes.dir/src/snes9x/tile.c.o
[ 52%] Building ASM object CMakeFiles/murmsnes.dir/src/snes9x/cpu_asm.S.o
[ 53%] Building C object CMakeFiles/murmsnes.dir/Users/A2506402/pico/pico-sdk/src/rp2_common/pico_stdlib/stdlib.c.o
[ 53%] Building C object CMakeFiles/murmsnes.dir/Users/A2506402/pico/pico-sdk/src/rp2_common/hardware_gpio/gpio.c.o
[ 54%] Building C object CMakeFiles/murmsnes.dir/Users/A2506402/pico/pico-sdk/src/rp2350/pico_platform/platform.c.o
[ 54%] Building C object CMakeFiles/murmsnes.dir/Users/A2506402/pico/pico-sdk/src/rp2_common/pico_platform_common/common.c.o
[ 55%] Building C object CMakeFiles/murmsnes.dir/Users/A2506402/pico/pico-sdk/src/rp2_common/pico_platform_panic/panic.c.o
[ 55%] Building C object CMakeFiles/murmsnes.dir/Users/A2506402/pico/pico-sdk/src/common/hardware_claim/claim.c.o
[ 56%] Building C object CMakeFiles/murmsnes.dir/Users/A2506402/pico/pico-sdk/src/rp2_common/hardware_sync/sync.c.o
[ 56%] Building C object CMakeFiles/murmsnes.dir/Users/A2506402/pico/pico-sdk/src/rp2_common/hardware_sync_spin_lock/sync_spin_lock.c.o
[ 56%] Building C object CMakeFiles/murmsnes.dir/Users/A2506402/pico/pico-sdk/src/rp2_common/hardware_irq/irq.c.o
[ 57%] Building ASM object CMakeFiles/murmsnes.dir/Users/A2506402/pico/pico-sdk/src/rp2_common/hardware_irq/irq_handler_chain.S.o
[ 57%] Building C object CMakeFiles/murmsnes.dir/Users/A2506402/pico/pico-sdk/src/common/pico_sync/sem.c.o
[ 58%] Building C object CMakeFiles/murmsnes.dir/Users/A2506402/pico/pico-sdk/src/common/pico_sync/lock_core.c.o
[ 58%] Building C object CMakeFiles/murmsnes.dir/Users/A2506402/pico/pico-sdk/src/common/pico_sync/mutex.c.o
[ 59%] Building C object CMakeFiles/murmsnes.dir/Users/A2506402/pico/pico-sdk/src/common/pico_sync/critical_section.c.o
[ 59%] Building C object CMakeFiles/murmsnes.dir/Users/A2506402/pico/pico-sdk/src/common/pico_time/time.c.o
[ 60%] Building C object CMakeFiles/murmsnes.dir/Users/A2506402/pico/pico-sdk/src/common/pico_time/timeout_helper.c.o
[ 60%] Building C object CMakeFiles/murmsnes.dir/Users/A2506402/pico/pico-sdk/src/rp2_common/hardware_timer/timer.c.o
[ 61%] Building C object CMakeFiles/murmsnes.dir/Users/A2506402/pico/pico-sdk/src/common/pico_util/datetime.c.o
[ 61%] Building C object CMakeFiles/murmsnes.dir/Users/A2506402/pico/pico-sdk/src/common/pico_util/pheap.c.o
[ 62%] Building C object CMakeFiles/murmsnes.dir/Users/A2506402/pico/pico-sdk/src/common/pico_util/queue.c.o
[ 62%] Building C object CMakeFiles/murmsnes.dir/Users/A2506402/pico/pico-sdk/src/rp2_common/hardware_uart/uart.c.o
[ 63%] Building C object CMakeFiles/murmsnes.dir/Users/A2506402/pico/pico-sdk/src/rp2_common/hardware_clocks/clocks.c.o
[ 63%] Building C object CMakeFiles/murmsnes.dir/Users/A2506402/pico/pico-sdk/src/rp2_common/hardware_pll/pll.c.o
[ 64%] Building C object CMakeFiles/murmsnes.dir/Users/A2506402/pico/pico-sdk/src/rp2_common/hardware_vreg/vreg.c.o
[ 64%] Building C object CMakeFiles/murmsnes.dir/Users/A2506402/pico/pico-sdk/src/rp2_common/hardware_watchdog/watchdog.c.o
[ 64%] Building C object CMakeFiles/murmsnes.dir/Users/A2506402/pico/pico-sdk/src/rp2_common/hardware_ticks/ticks.c.o
[ 65%] Building C object CMakeFiles/murmsnes.dir/Users/A2506402/pico/pico-sdk/src/rp2_common/pico_bootrom/bootrom.c.o
[ 65%] Building C object CMakeFiles/murmsnes.dir/Users/A2506402/pico/pico-sdk/src/rp2_common/pico_bootrom/bootrom_lock.c.o
[ 67%] Building C object CMakeFiles/murmsnes.dir/Users/A2506402/pico/pico-sdk/src/rp2_common/hardware_boot_lock/boot_lock.c.o
[ 67%] Building C object CMakeFiles/murmsnes.dir/Users/A2506402/pico/pico-sdk/src/rp2_common/pico_flash/flash.c.o
[ 68%] Building C object CMakeFiles/murmsnes.dir/Users/A2506402/pico/pico-sdk/src/rp2_common/hardware_xosc/xosc.c.o
[ 68%] Building C object CMakeFiles/murmsnes.dir/Users/A2506402/pico/pico-sdk/src/rp2_common/hardware_divider/divider.c.o
[ 69%] Building C object CMakeFiles/murmsnes.dir/Users/A2506402/pico/pico-sdk/src/rp2_common/pico_runtime/runtime.c.o
[ 69%] Building C object CMakeFiles/murmsnes.dir/Users/A2506402/pico/pico-sdk/src/rp2_common/pico_runtime_init/runtime_init.c.o
[ 70%] Building C object CMakeFiles/murmsnes.dir/Users/A2506402/pico/pico-sdk/src/rp2_common/pico_runtime_init/runtime_init_clocks.c.o
[ 70%] Building C object CMakeFiles/murmsnes.dir/Users/A2506402/pico/pico-sdk/src/rp2_common/pico_runtime_init/runtime_init_stack_guard.c.o
[ 71%] Building ASM object CMakeFiles/murmsnes.dir/Users/A2506402/pico/pico-sdk/src/rp2_common/pico_bit_ops/bit_ops_aeabi.S.o
[ 71%] Building C object CMakeFiles/murmsnes.dir/Users/A2506402/pico/pico-sdk/src/rp2_common/pico_divider/divider_compiler.c.o
[ 72%] Building C object CMakeFiles/murmsnes.dir/Users/A2506402/pico/pico-sdk/src/rp2_common/pico_double/double_math.c.o
[ 72%] Building ASM object CMakeFiles/murmsnes.dir/Users/A2506402/pico/pico-sdk/src/rp2_common/pico_double/double_aeabi_dcp.S.o
[ 73%] Building ASM object CMakeFiles/murmsnes.dir/Users/A2506402/pico/pico-sdk/src/rp2_common/pico_double/double_fma_dcp.S.o
[ 73%] Building ASM object CMakeFiles/murmsnes.dir/Users/A2506402/pico/pico-sdk/src/rp2_common/pico_double/double_sci_m33.S.o
[ 73%] Building ASM object CMakeFiles/murmsnes.dir/Users/A2506402/pico/pico-sdk/src/rp2_common/pico_double/double_conv_m33.S.o
[ 74%] Building C object CMakeFiles/murmsnes.dir/Users/A2506402/pico/pico-sdk/src/rp2_common/pico_float/float_math.c.o
[ 74%] Building ASM object CMakeFiles/murmsnes.dir/Users/A2506402/pico/pico-sdk/src/rp2_common/pico_float/float_conv32_vfp.S.o
[ 75%] Building ASM object CMakeFiles/murmsnes.dir/Users/A2506402/pico/pico-sdk/src/rp2_common/pico_float/float_common_m33.S.o
[ 75%] Building ASM object CMakeFiles/murmsnes.dir/Users/A2506402/pico/pico-sdk/src/rp2_common/pico_float/float_sci_m33_vfp.S.o
[ 76%] Building C object CMakeFiles/murmsnes.dir/Users/A2506402/pico/pico-sdk/src/rp2_common/pico_malloc/malloc.c.o
[ 76%] Building C object CMakeFiles/murmsnes.dir/Users/A2506402/pico/pico-sdk/src/rp2_common/pico_atomic/atomic.c.o
[ 77%] Building CXX object CMakeFiles/murmsnes.dir/Users/A2506402/pico/pico-sdk/src/rp2_common/pico_cxx_options/new_delete.cpp.o
[ 77%] Building C object CMakeFiles/murmsnes.dir/Users/A2506402/pico/pico-sdk/src/rp2_common/pico_standard_binary_info/standard_binary_info.c.o
[ 78%] Building C object CMakeFiles/murmsnes.dir/Users/A2506402/pico/pico-sdk/src/rp2_common/pico_printf/printf.c.o
[ 78%] Building ASM object CMakeFiles/murmsnes.dir/Users/A2506402/pico/pico-sdk/src/rp2_common/pico_crt0/crt0.S.o
[ 79%] Building C object CMakeFiles/murmsnes.dir/Users/A2506402/pico/pico-sdk/src/rp2_common/pico_clib_interface/newlib_interface.c.o
[ 79%] Building C object CMakeFiles/murmsnes.dir/Users/A2506402/pico/pico-sdk/src/rp2_common/pico_stdio/stdio.c.o
[ 80%] Building C object CMakeFiles/murmsnes.dir/Users/A2506402/pico/pico-sdk/src/rp2_common/pico_stdio_usb/reset_interface.c.o
[ 80%] Building C object CMakeFiles/murmsnes.dir/Users/A2506402/pico/pico-sdk/src/rp2_common/pico_stdio_usb/stdio_usb.c.o
[ 81%] Building C object CMakeFiles/murmsnes.dir/Users/A2506402/pico/pico-sdk/src/rp2_common/pico_stdio_usb/stdio_usb_descriptors.c.o
[ 81%] Building C object CMakeFiles/murmsnes.dir/Users/A2506402/pico/pico-sdk/src/rp2_common/pico_unique_id/unique_id.c.o
[ 82%] Building C object CMakeFiles/murmsnes.dir/Users/A2506402/pico/pico-sdk/src/rp2_common/hardware_flash/flash.c.o
[ 82%] Building C object CMakeFiles/murmsnes.dir/Users/A2506402/pico/pico-sdk/src/rp2_common/hardware_xip_cache/xip_cache.c.o
[ 82%] Building C object CMakeFiles/murmsnes.dir/Users/A2506402/pico/pico-sdk/lib/tinyusb/src/portable/raspberrypi/rp2040/dcd_rp2040.c.o
[ 84%] Building C object CMakeFiles/murmsnes.dir/Users/A2506402/pico/pico-sdk/lib/tinyusb/src/portable/raspberrypi/rp2040/rp2040_usb.c.o
[ 84%] Building C object CMakeFiles/murmsnes.dir/Users/A2506402/pico/pico-sdk/lib/tinyusb/src/device/usbd.c.o
[ 85%] Building C object CMakeFiles/murmsnes.dir/Users/A2506402/pico/pico-sdk/lib/tinyusb/src/device/usbd_control.c.o
[ 85%] Building C object CMakeFiles/murmsnes.dir/Users/A2506402/pico/pico-sdk/lib/tinyusb/src/class/audio/audio_device.c.o
[ 86%] Building C object CMakeFiles/murmsnes.dir/Users/A2506402/pico/pico-sdk/lib/tinyusb/src/class/cdc/cdc_device.c.o
[ 86%] Building C object CMakeFiles/murmsnes.dir/Users/A2506402/pico/pico-sdk/lib/tinyusb/src/class/dfu/dfu_device.c.o
[ 87%] Building C object CMakeFiles/murmsnes.dir/Users/A2506402/pico/pico-sdk/lib/tinyusb/src/class/dfu/dfu_rt_device.c.o
[ 87%] Building C object CMakeFiles/murmsnes.dir/Users/A2506402/pico/pico-sdk/lib/tinyusb/src/class/hid/hid_device.c.o
[ 88%] Building C object CMakeFiles/murmsnes.dir/Users/A2506402/pico/pico-sdk/lib/tinyusb/src/class/midi/midi_device.c.o
[ 88%] Building C object CMakeFiles/murmsnes.dir/Users/A2506402/pico/pico-sdk/lib/tinyusb/src/class/msc/msc_device.c.o
[ 89%] Building C object CMakeFiles/murmsnes.dir/Users/A2506402/pico/pico-sdk/lib/tinyusb/src/class/net/ecm_rndis_device.c.o
[ 89%] Building C object CMakeFiles/murmsnes.dir/Users/A2506402/pico/pico-sdk/lib/tinyusb/src/class/net/ncm_device.c.o
[ 90%] Building C object CMakeFiles/murmsnes.dir/Users/A2506402/pico/pico-sdk/lib/tinyusb/src/class/usbtmc/usbtmc_device.c.o
[ 90%] Building C object CMakeFiles/murmsnes.dir/Users/A2506402/pico/pico-sdk/lib/tinyusb/src/class/vendor/vendor_device.c.o
[ 91%] Building C object CMakeFiles/murmsnes.dir/Users/A2506402/pico/pico-sdk/lib/tinyusb/src/class/video/video_device.c.o
[ 91%] Building C object CMakeFiles/murmsnes.dir/Users/A2506402/pico/pico-sdk/lib/tinyusb/src/portable/raspberrypi/pio_usb/dcd_pio_usb.c.o
[ 91%] Building C object CMakeFiles/murmsnes.dir/Users/A2506402/pico/pico-sdk/lib/tinyusb/src/tusb.c.o
[ 92%] Building C object CMakeFiles/murmsnes.dir/Users/A2506402/pico/pico-sdk/lib/tinyusb/src/common/tusb_fifo.c.o
[ 92%] Building C object CMakeFiles/murmsnes.dir/Users/A2506402/pico/pico-sdk/src/rp2_common/pico_fix/rp2040_usb_device_enumeration/rp2040_usb_device_enumeration.c.o
[ 93%] Building C object CMakeFiles/murmsnes.dir/Users/A2506402/pico/pico-sdk/src/rp2_common/pico_multicore/multicore.c.o
[ 93%] Building C object CMakeFiles/murmsnes.dir/Users/A2506402/pico/pico-sdk/src/rp2_common/hardware_spi/spi.c.o
[ 94%] Building C object CMakeFiles/murmsnes.dir/Users/A2506402/pico/pico-sdk/src/rp2_common/hardware_dma/dma.c.o
[ 94%] Building C object CMakeFiles/murmsnes.dir/Users/A2506402/pico/pico-sdk/src/rp2_common/hardware_pio/pio.c.o
[ 95%] Building C object CMakeFiles/murmsnes.dir/drivers/sdcard/sdcard.c.o
[ 95%] Building C object CMakeFiles/murmsnes.dir/drivers/sdcard/pio_spi.c.o
[ 96%] Building C object CMakeFiles/murmsnes.dir/src/fatfs/ff.c.o
[ 96%] Building C object CMakeFiles/murmsnes.dir/src/fatfs/ffunicode.c.o
[ 97%] Building C object CMakeFiles/murmsnes.dir/src/fatfs/ffsystem.c.o
[ 97%] Building C object CMakeFiles/murmsnes.dir/pico-extras/src/rp2_common/pico_audio_i2s/audio_i2s.c.o
[ 98%] Building CXX object CMakeFiles/murmsnes.dir/pico-extras/src/common/pico_audio/audio.cpp.o
[ 98%] Building ASM object CMakeFiles/murmsnes.dir/pico-extras/src/common/pico_audio/audio_utils.S.o
[100%] Building C object CMakeFiles/murmsnes.dir/pico-extras/src/common/pico_util_buffer/buffer.c.o
[100%] Linking CXX executable murmsnes.elf
[100%] Built target murmsnes
